-------------------------------------------------------------------------------
Test set: concur.iOSSimSauceResultsTest
-------------------------------------------------------------------------------
Tests run: 3, Failures: 0, Errors: 3, Skipped: 0, Time elapsed: 70.546 sec <<< FAILURE!
uiLoginLogout[0](concur.iOSSimSauceResultsTest)  Time elapsed: 0.002 sec  <<< ERROR!
java.lang.NullPointerException
	at concur.iOSSimSauceResultsTest.tearDown(iOSSimSauceResultsTest.java:122)
	at sun.reflect.NativeMethodAccessorImpl.invoke0(Native Method)
	at sun.reflect.NativeMethodAccessorImpl.invoke(NativeMethodAccessorImpl.java:57)
	at sun.reflect.DelegatingMethodAccessorImpl.invoke(DelegatingMethodAccessorImpl.java:43)
	at java.lang.reflect.Method.invoke(Method.java:606)
	at org.junit.runners.model.FrameworkMethod$1.runReflectiveCall(FrameworkMethod.java:47)
	at org.junit.internal.runners.model.ReflectiveCallable.run(ReflectiveCallable.java:12)
	at org.junit.runners.model.FrameworkMethod.invokeExplosively(FrameworkMethod.java:44)
	at org.junit.internal.runners.statements.RunAfters.evaluate(RunAfters.java:33)
	at org.junit.rules.TestWatcher$1.evaluate(TestWatcher.java:55)
	at org.junit.rules.RunRules.evaluate(RunRules.java:20)
	at org.junit.runners.ParentRunner.runLeaf(ParentRunner.java:271)
	at org.junit.runners.BlockJUnit4ClassRunner.runChild(BlockJUnit4ClassRunner.java:70)
	at com.sauce.junit.ConcurrentParameterized$SauceClassRunnerForParameters.access$300(ConcurrentParameterized.java:170)
	at com.sauce.junit.ConcurrentParameterized$SauceClassRunnerForParameters$2.run(ConcurrentParameterized.java:287)
	at com.sauce.junit.ConcurrentParameterized$NonBlockingAsynchronousRunner$1.call(ConcurrentParameterized.java:312)
	at java.util.concurrent.FutureTask.run(FutureTask.java:262)
	at java.util.concurrent.ThreadPoolExecutor.runWorker(ThreadPoolExecutor.java:1145)
	at java.util.concurrent.ThreadPoolExecutor$Worker.run(ThreadPoolExecutor.java:615)
	at java.lang.Thread.run(Thread.java:745)
uiLoginLogout[2](concur.iOSSimSauceResultsTest)  Time elapsed: 0 sec  <<< ERROR!
java.lang.NullPointerException
	at concur.iOSSimSauceResultsTest.tearDown(iOSSimSauceResultsTest.java:122)
	at sun.reflect.NativeMethodAccessorImpl.invoke0(Native Method)
	at sun.reflect.NativeMethodAccessorImpl.invoke(NativeMethodAccessorImpl.java:57)
	at sun.reflect.DelegatingMethodAccessorImpl.invoke(DelegatingMethodAccessorImpl.java:43)
	at java.lang.reflect.Method.invoke(Method.java:606)
	at org.junit.runners.model.FrameworkMethod$1.runReflectiveCall(FrameworkMethod.java:47)
	at org.junit.internal.runners.model.ReflectiveCallable.run(ReflectiveCallable.java:12)
	at org.junit.runners.model.FrameworkMethod.invokeExplosively(FrameworkMethod.java:44)
	at org.junit.internal.runners.statements.RunAfters.evaluate(RunAfters.java:33)
	at org.junit.rules.TestWatcher$1.evaluate(TestWatcher.java:55)
	at org.junit.rules.RunRules.evaluate(RunRules.java:20)
	at org.junit.runners.ParentRunner.runLeaf(ParentRunner.java:271)
	at org.junit.runners.BlockJUnit4ClassRunner.runChild(BlockJUnit4ClassRunner.java:70)
	at com.sauce.junit.ConcurrentParameterized$SauceClassRunnerForParameters.access$300(ConcurrentParameterized.java:170)
	at com.sauce.junit.ConcurrentParameterized$SauceClassRunnerForParameters$2.run(ConcurrentParameterized.java:287)
	at com.sauce.junit.ConcurrentParameterized$NonBlockingAsynchronousRunner$1.call(ConcurrentParameterized.java:312)
	at java.util.concurrent.FutureTask.run(FutureTask.java:262)
	at java.util.concurrent.ThreadPoolExecutor.runWorker(ThreadPoolExecutor.java:1145)
	at java.util.concurrent.ThreadPoolExecutor$Worker.run(ThreadPoolExecutor.java:615)
	at java.lang.Thread.run(Thread.java:745)
uiLoginLogout[1](concur.iOSSimSauceResultsTest)  Time elapsed: 0.001 sec  <<< ERROR!
java.lang.NullPointerException
	at concur.iOSSimSauceResultsTest.tearDown(iOSSimSauceResultsTest.java:122)
	at sun.reflect.NativeMethodAccessorImpl.invoke0(Native Method)
	at sun.reflect.NativeMethodAccessorImpl.invoke(NativeMethodAccessorImpl.java:57)
	at sun.reflect.DelegatingMethodAccessorImpl.invoke(DelegatingMethodAccessorImpl.java:43)
	at java.lang.reflect.Method.invoke(Method.java:606)
	at org.junit.runners.model.FrameworkMethod$1.runReflectiveCall(FrameworkMethod.java:47)
	at org.junit.internal.runners.model.ReflectiveCallable.run(ReflectiveCallable.java:12)
	at org.junit.runners.model.FrameworkMethod.invokeExplosively(FrameworkMethod.java:44)
	at org.junit.internal.runners.statements.RunAfters.evaluate(RunAfters.java:33)
	at org.junit.rules.TestWatcher$1.evaluate(TestWatcher.java:55)
	at org.junit.rules.RunRules.evaluate(RunRules.java:20)
	at org.junit.runners.ParentRunner.runLeaf(ParentRunner.java:271)
	at org.junit.runners.BlockJUnit4ClassRunner.runChild(BlockJUnit4ClassRunner.java:70)
	at com.sauce.junit.ConcurrentParameterized$SauceClassRunnerForParameters.access$300(ConcurrentParameterized.java:170)
	at com.sauce.junit.ConcurrentParameterized$SauceClassRunnerForParameters$2.run(ConcurrentParameterized.java:287)
	at com.sauce.junit.ConcurrentParameterized$NonBlockingAsynchronousRunner$1.call(ConcurrentParameterized.java:312)
	at java.util.concurrent.FutureTask.run(FutureTask.java:262)
	at java.util.concurrent.ThreadPoolExecutor.runWorker(ThreadPoolExecutor.java:1145)
	at java.util.concurrent.ThreadPoolExecutor$Worker.run(ThreadPoolExecutor.java:615)
	at java.lang.Thread.run(Thread.java:745)
